2026-04-26 19:34:32,770 - INFO - Successfully fetched movie/popular
2026-04-26 19:34:32,827 - INFO - Successfully fetched movie/1226863
2026-04-26 19:34:33,076 - INFO - Successfully fetched movie/1226863/credits
2026-04-26 19:34:33,077 - INFO - Collected all data for movie ID 1226863
2026-04-26 19:34:33,337 - INFO - Successfully fetched movie/1318447
2026-04-26 19:34:33,576 - INFO - Successfully fetched movie/1318447/credits
2026-04-26 19:34:33,576 - INFO - Collected all data for movie ID 1318447
2026-04-26 19:34:33,851 - INFO - Successfully fetched movie/1523145
2026-04-26 19:34:34,077 - INFO - Successfully fetched movie/1523145/credits
2026-04-26 19:34:34,098 - INFO - Collected all data for movie ID 1523145
2026-04-26 19:34:34,330 - INFO - Successfully fetched movie/1198994
2026-04-26 19:34:34,601 - INFO - Successfully fetched movie/1198994/credits
2026-04-26 19:34:34,601 - INFO - Collected all data for movie ID 1198994
2026-04-26 19:34:34,818 - INFO - Successfully fetched movie/980431
2026-04-26 19:34:35,118 - INFO - Successfully fetched movie/980431/credits
2026-04-26 19:34:35,119 - INFO - Collected all data for movie ID 980431
2026-04-26 19:34:35,365 - INFO - Successfully fetched movie/83533
2026-04-26 19:34:35,633 - INFO - Successfully fetched movie/83533/credits
2026-04-26 19:34:35,637 - INFO - Collected all data for movie ID 83533
2026-04-26 19:34:35,892 - INFO - Successfully fetched movie/936075
2026-04-26 19:34:36,154 - INFO - Successfully fetched movie/936075/credits
2026-04-26 19:34:36,155 - INFO - Collected all data for movie ID 936075
2026-04-26 19:34:36,422 - INFO - Successfully fetched movie/1613798
2026-04-26 19:34:36,679 - INFO - Successfully fetched movie/1613798/credits
2026-04-26 19:34:36,681 - INFO - Collected all data for movie ID 1613798
2026-04-26 19:34:36,946 - INFO - Successfully fetched movie/687163
2026-04-26 19:34:37,210 - INFO - Successfully fetched movie/687163/credits
2026-04-26 19:34:37,218 - INFO - Collected all data for movie ID 687163
2026-04-26 19:34:37,459 - INFO - Successfully fetched movie/1327819
2026-04-26 19:34:37,722 - INFO - Successfully fetched movie/1327819/credits
2026-04-26 19:34:37,724 - INFO - Collected all data for movie ID 1327819
2026-04-26 19:34:37,980 - INFO - Successfully fetched movie/1290821
2026-04-26 19:34:38,239 - INFO - Successfully fetched movie/1290821/credits
2026-04-26 19:34:38,240 - INFO - Collected all data for movie ID 1290821
2026-04-26 19:34:38,565 - INFO - Successfully fetched movie/1352874
2026-04-26 19:34:38,776 - INFO - Successfully fetched movie/1352874/credits
2026-04-26 19:34:38,777 - INFO - Collected all data for movie ID 1352874
2026-04-26 19:34:39,194 - INFO - Successfully fetched movie/1470130
2026-04-26 19:34:39,338 - INFO - Successfully fetched movie/1470130/credits
2026-04-26 19:34:39,339 - INFO - Collected all data for movie ID 1470130
2026-04-26 19:34:39,543 - INFO - Successfully fetched movie/1297842
2026-04-26 19:34:39,812 - INFO - Successfully fetched movie/1297842/credits
2026-04-26 19:34:39,816 - INFO - Collected all data for movie ID 1297842
2026-04-26 19:34:40,087 - INFO - Successfully fetched movie/1171145
2026-04-26 19:34:40,344 - INFO - Successfully fetched movie/1171145/credits
2026-04-26 19:34:40,349 - INFO - Collected all data for movie ID 1171145
2026-04-26 19:34:40,596 - INFO - Successfully fetched movie/1311031
2026-04-26 19:34:40,927 - INFO - Successfully fetched movie/1311031/credits
2026-04-26 19:34:40,936 - INFO - Collected all data for movie ID 1311031
2026-04-26 19:34:41,180 - INFO - Successfully fetched movie/1641319
2026-04-26 19:34:41,350 - INFO - Successfully fetched movie/1641319/credits
2026-04-26 19:34:41,357 - INFO - Collected all data for movie ID 1641319
2026-04-26 19:34:41,645 - INFO - Successfully fetched movie/1290417
2026-04-26 19:34:41,966 - INFO - Successfully fetched movie/1290417/credits
2026-04-26 19:34:41,968 - INFO - Collected all data for movie ID 1290417
2026-04-26 19:34:42,169 - INFO - Successfully fetched movie/1304313
2026-04-26 19:34:42,427 - INFO - Successfully fetched movie/1304313/credits
2026-04-26 19:34:42,428 - INFO - Collected all data for movie ID 1304313
2026-04-26 19:34:42,678 - INFO - Successfully fetched movie/1601797
2026-04-26 19:34:42,945 - INFO - Successfully fetched movie/1601797/credits
2026-04-26 19:34:42,945 - INFO - Collected all data for movie ID 1601797
2026-04-26 19:34:43,207 - INFO - Successfully fetched movie/popular
2026-04-26 19:34:43,466 - INFO - Successfully fetched movie/1084577
2026-04-26 19:34:43,736 - INFO - Successfully fetched movie/1084577/credits
2026-04-26 19:34:43,736 - INFO - Collected all data for movie ID 1084577
2026-04-26 19:34:43,994 - INFO - Successfully fetched movie/1084242
2026-04-26 19:34:44,326 - INFO - Successfully fetched movie/1084242/credits
2026-04-26 19:34:44,331 - INFO - Collected all data for movie ID 1084242
2026-04-26 19:34:44,513 - INFO - Successfully fetched movie/1010755
2026-04-26 19:34:44,784 - INFO - Successfully fetched movie/1010755/credits
2026-04-26 19:34:44,785 - INFO - Collected all data for movie ID 1010755
2026-04-26 19:34:45,035 - INFO - Successfully fetched movie/840464
2026-04-26 19:34:45,306 - INFO - Successfully fetched movie/840464/credits
2026-04-26 19:34:45,307 - INFO - Collected all data for movie ID 840464
2026-04-26 19:34:45,580 - INFO - Successfully fetched movie/502356
2026-04-26 19:34:45,848 - INFO - Successfully fetched movie/502356/credits
2026-04-26 19:34:45,851 - INFO - Collected all data for movie ID 502356
2026-04-26 19:34:46,101 - INFO - Successfully fetched movie/1159559
2026-04-26 19:34:46,362 - INFO - Successfully fetched movie/1159559/credits
2026-04-26 19:34:46,363 - INFO - Collected all data for movie ID 1159559
2026-04-26 19:34:46,600 - INFO - Successfully fetched movie/1207162
2026-04-26 19:34:46,857 - INFO - Successfully fetched movie/1207162/credits
2026-04-26 19:34:46,858 - INFO - Collected all data for movie ID 1207162
2026-04-26 19:34:47,166 - INFO - Successfully fetched movie/350
2026-04-26 19:34:47,417 - INFO - Successfully fetched movie/350/credits
2026-04-26 19:34:47,418 - INFO - Collected all data for movie ID 350
2026-04-26 19:34:47,683 - INFO - Successfully fetched movie/848116
2026-04-26 19:34:47,936 - INFO - Successfully fetched movie/848116/credits
2026-04-26 19:34:47,936 - INFO - Collected all data for movie ID 848116
2026-04-26 19:34:48,188 - INFO - Successfully fetched movie/157336
2026-04-26 19:34:48,452 - INFO - Successfully fetched movie/157336/credits
2026-04-26 19:34:48,455 - INFO - Collected all data for movie ID 157336
2026-04-26 19:34:48,713 - INFO - Successfully fetched movie/1480387
2026-04-26 19:34:48,996 - INFO - Successfully fetched movie/1480387/credits
2026-04-26 19:34:48,998 - INFO - Collected all data for movie ID 1480387
2026-04-26 19:34:49,217 - INFO - Successfully fetched movie/10867
2026-04-26 19:34:49,515 - INFO - Successfully fetched movie/10867/credits
2026-04-26 19:34:49,517 - INFO - Collected all data for movie ID 10867
2026-04-26 19:34:49,842 - INFO - Successfully fetched movie/1419406
2026-04-26 19:34:50,028 - INFO - Successfully fetched movie/1419406/credits
2026-04-26 19:34:50,028 - INFO - Collected all data for movie ID 1419406
2026-04-26 19:34:50,291 - INFO - Successfully fetched movie/1107166
2026-04-26 19:34:50,561 - INFO - Successfully fetched movie/1107166/credits
2026-04-26 19:34:50,561 - INFO - Collected all data for movie ID 1107166
2026-04-26 19:34:50,828 - INFO - Successfully fetched movie/1242898
2026-04-26 19:34:48,618 - INFO - Successfully fetched movie/1242898/credits
2026-04-26 19:34:48,619 - INFO - Collected all data for movie ID 1242898
2026-04-26 19:34:48,842 - INFO - Successfully fetched movie/755898
2026-04-26 19:34:49,135 - INFO - Successfully fetched movie/755898/credits
2026-04-26 19:34:49,137 - INFO - Collected all data for movie ID 755898
2026-04-26 19:34:49,367 - INFO - Successfully fetched movie/440249
2026-04-26 19:34:49,645 - INFO - Successfully fetched movie/440249/credits
2026-04-26 19:34:49,647 - INFO - Collected all data for movie ID 440249
2026-04-26 19:34:49,911 - INFO - Successfully fetched movie/1234731
2026-04-26 19:34:50,264 - INFO - Successfully fetched movie/1234731/credits
2026-04-26 19:34:50,267 - INFO - Collected all data for movie ID 1234731
2026-04-26 19:34:50,430 - INFO - Successfully fetched movie/1193501
2026-04-26 19:34:50,705 - INFO - Successfully fetched movie/1193501/credits
2026-04-26 19:34:50,706 - INFO - Collected all data for movie ID 1193501
2026-04-26 19:34:50,962 - INFO - Successfully fetched movie/1368166
2026-04-26 19:34:51,207 - INFO - Successfully fetched movie/1368166/credits
2026-04-26 19:34:51,209 - INFO - Collected all data for movie ID 1368166
2026-04-26 19:34:51,467 - INFO - Successfully fetched movie/popular
2026-04-26 19:34:51,736 - INFO - Successfully fetched movie/7451
2026-04-26 19:34:51,996 - INFO - Successfully fetched movie/7451/credits
2026-04-26 19:34:51,999 - INFO - Collected all data for movie ID 7451
2026-04-26 19:34:52,266 - INFO - Successfully fetched movie/1115544
2026-04-26 19:34:52,526 - INFO - Successfully fetched movie/1115544/credits
2026-04-26 19:34:52,528 - INFO - Collected all data for movie ID 1115544
2026-04-26 19:34:52,776 - INFO - Successfully fetched movie/1499885
2026-04-26 19:34:53,044 - INFO - Successfully fetched movie/1499885/credits
2026-04-26 19:34:53,045 - INFO - Collected all data for movie ID 1499885
2026-04-26 19:34:53,300 - INFO - Successfully fetched movie/1659087
2026-04-26 19:34:53,539 - INFO - Successfully fetched movie/1659087/credits
2026-04-26 19:34:53,540 - INFO - Collected all data for movie ID 1659087
2026-04-26 19:34:53,784 - INFO - Successfully fetched movie/1207162
2026-04-26 19:34:54,090 - INFO - Successfully fetched movie/1207162/credits
2026-04-26 19:34:54,091 - INFO - Collected all data for movie ID 1207162
2026-04-26 19:34:54,329 - INFO - Successfully fetched movie/1367642
2026-04-26 19:34:54,655 - INFO - Successfully fetched movie/1367642/credits
2026-04-26 19:34:54,657 - INFO - Collected all data for movie ID 1367642
2026-04-26 19:34:54,856 - INFO - Successfully fetched movie/680493
2026-04-26 19:34:55,108 - INFO - Successfully fetched movie/680493/credits
2026-04-26 19:34:55,110 - INFO - Collected all data for movie ID 680493
2026-04-26 19:34:55,355 - INFO - Successfully fetched movie/634649
2026-04-26 19:34:55,621 - INFO - Successfully fetched movie/634649/credits
2026-04-26 19:34:55,624 - INFO - Collected all data for movie ID 634649
2026-04-26 19:34:55,879 - INFO - Successfully fetched movie/1418657
2026-04-26 19:34:56,145 - INFO - Successfully fetched movie/1418657/credits
2026-04-26 19:34:56,146 - INFO - Collected all data for movie ID 1418657
2026-04-26 19:34:56,409 - INFO - Successfully fetched movie/1511057
2026-04-26 19:34:56,680 - INFO - Successfully fetched movie/1511057/credits
2026-04-26 19:34:56,681 - INFO - Collected all data for movie ID 1511057
2026-04-26 19:34:57,023 - INFO - Saved scraped data to data/raw/tmdb/tmdb_movie_data.json
2026-04-27 14:16:29,813 - INFO - Successfully fetched movie/popular
2026-04-27 14:16:29,942 - INFO - Successfully fetched movie/1226863
2026-04-27 14:16:30,201 - INFO - Successfully fetched movie/1226863/credits
2026-04-27 14:16:30,203 - INFO - Collected all data for movie ID 1226863
2026-04-27 14:16:30,454 - INFO - Successfully fetched movie/1318447
2026-04-27 14:16:40,600 - INFO - Successfully fetched movie/popular
2026-04-27 14:16:40,729 - INFO - Successfully fetched movie/1226863
2026-04-27 14:16:40,954 - INFO - Successfully fetched movie/1226863/credits
2026-04-27 14:16:40,956 - INFO - Collected all data for movie ID 1226863
2026-04-27 14:16:41,209 - INFO - Successfully fetched movie/1318447
2026-04-27 14:16:41,579 - INFO - Successfully fetched movie/1318447/credits
2026-04-27 14:16:41,580 - INFO - Collected all data for movie ID 1318447
2026-04-27 14:16:41,820 - INFO - Successfully fetched movie/1523145
2026-04-27 14:16:42,057 - INFO - Successfully fetched movie/1523145/credits
2026-04-27 14:16:42,059 - INFO - Collected all data for movie ID 1523145
2026-04-27 14:16:42,316 - INFO - Successfully fetched movie/1198994
2026-04-27 14:16:42,562 - INFO - Successfully fetched movie/1198994/credits
2026-04-27 14:16:42,584 - INFO - Collected all data for movie ID 1198994
2026-04-27 14:16:42,814 - INFO - Successfully fetched movie/980431
2026-04-27 14:16:43,073 - INFO - Successfully fetched movie/980431/credits
2026-04-27 14:16:43,075 - INFO - Collected all data for movie ID 980431
2026-04-27 14:16:43,323 - INFO - Successfully fetched movie/936075
2026-04-27 14:16:43,574 - INFO - Successfully fetched movie/936075/credits
2026-04-27 14:16:43,576 - INFO - Collected all data for movie ID 936075
2026-04-27 14:16:43,838 - INFO - Successfully fetched movie/83533
2026-04-27 14:16:44,072 - INFO - Successfully fetched movie/83533/credits
2026-04-27 14:16:44,073 - INFO - Collected all data for movie ID 83533
2026-04-27 14:16:44,369 - INFO - Successfully fetched movie/1613798
2026-04-27 14:16:44,560 - INFO - Successfully fetched movie/1613798/credits
2026-04-27 14:16:44,562 - INFO - Collected all data for movie ID 1613798
2026-04-27 14:16:44,924 - INFO - Successfully fetched movie/687163
2026-04-27 14:16:45,151 - INFO - Successfully fetched movie/687163/credits
2026-04-27 14:16:45,154 - INFO - Collected all data for movie ID 687163
2026-04-27 14:16:45,319 - INFO - Successfully fetched movie/1352874
2026-04-27 14:16:45,704 - INFO - Successfully fetched movie/1352874/credits
2026-04-27 14:16:45,705 - INFO - Collected all data for movie ID 1352874
2026-04-27 14:16:45,872 - INFO - Successfully fetched movie/1327819
2026-04-27 14:16:46,075 - INFO - Successfully fetched movie/1327819/credits
2026-04-27 14:16:46,077 - INFO - Collected all data for movie ID 1327819
2026-04-27 14:16:46,369 - INFO - Successfully fetched movie/1290821
2026-04-27 14:16:46,591 - INFO - Successfully fetched movie/1290821/credits
2026-04-27 14:16:46,593 - INFO - Collected all data for movie ID 1290821
2026-04-27 14:16:46,840 - INFO - Successfully fetched movie/1470130
2026-04-27 14:16:47,085 - INFO - Successfully fetched movie/1470130/credits
2026-04-27 14:16:47,086 - INFO - Collected all data for movie ID 1470130
2026-04-27 14:16:47,481 - INFO - Successfully fetched movie/1171145
2026-04-27 14:16:47,605 - INFO - Successfully fetched movie/1171145/credits
2026-04-27 14:16:47,607 - INFO - Collected all data for movie ID 1171145
2026-04-27 14:16:47,906 - INFO - Successfully fetched movie/1297842
2026-04-27 14:16:48,108 - INFO - Successfully fetched movie/1297842/credits
2026-04-27 14:16:48,110 - INFO - Collected all data for movie ID 1297842
2026-04-27 14:16:48,368 - INFO - Successfully fetched movie/1311031
2026-04-27 14:16:48,625 - INFO - Successfully fetched movie/1311031/credits
2026-04-27 14:16:48,628 - INFO - Collected all data for movie ID 1311031
2026-04-27 14:16:48,871 - INFO - Successfully fetched movie/1641319
2026-04-27 14:16:49,123 - INFO - Successfully fetched movie/1641319/credits
2026-04-27 14:16:49,127 - INFO - Collected all data for movie ID 1641319
2026-04-27 14:16:49,361 - INFO - Successfully fetched movie/1601797
2026-04-27 14:16:49,625 - INFO - Successfully fetched movie/1601797/credits
2026-04-27 14:16:49,626 - INFO - Collected all data for movie ID 1601797
2026-04-27 14:16:49,881 - INFO - Successfully fetched movie/1084242
2026-04-27 14:16:50,125 - INFO - Successfully fetched movie/1084242/credits
2026-04-27 14:16:50,129 - INFO - Collected all data for movie ID 1084242
2026-04-27 14:16:50,471 - INFO - Successfully fetched movie/1290417
2026-04-27 14:16:50,629 - INFO - Successfully fetched movie/1290417/credits
2026-04-27 14:16:50,631 - INFO - Collected all data for movie ID 1290417
2026-04-27 14:16:50,915 - INFO - Successfully fetched movie/popular
2026-04-27 14:16:51,124 - INFO - Successfully fetched movie/350
2026-04-27 14:16:51,391 - INFO - Successfully fetched movie/350/credits
2026-04-27 14:16:51,393 - INFO - Collected all data for movie ID 350
2026-04-27 14:16:51,691 - INFO - Successfully fetched movie/1304313
2026-04-27 14:16:51,887 - INFO - Successfully fetched movie/1304313/credits
2026-04-27 14:16:51,889 - INFO - Collected all data for movie ID 1304313
2026-04-27 14:16:52,139 - INFO - Successfully fetched movie/10867
2026-04-27 14:16:52,388 - INFO - Successfully fetched movie/10867/credits
2026-04-27 14:16:52,390 - INFO - Collected all data for movie ID 10867
2026-04-27 14:16:52,633 - INFO - Successfully fetched movie/1084577
2026-04-27 14:16:52,893 - INFO - Successfully fetched movie/1084577/credits
2026-04-27 14:16:52,895 - INFO - Collected all data for movie ID 1084577
2026-04-27 14:16:53,147 - INFO - Successfully fetched movie/1010755
2026-04-27 14:16:50,911 - INFO - Successfully fetched movie/1010755/credits
2026-04-27 14:16:50,912 - INFO - Collected all data for movie ID 1010755
2026-04-27 14:16:51,165 - INFO - Successfully fetched movie/1419406
2026-04-27 14:16:51,435 - INFO - Successfully fetched movie/1419406/credits
2026-04-27 14:16:51,437 - INFO - Collected all data for movie ID 1419406
2026-04-27 14:16:51,671 - INFO - Successfully fetched movie/1159559
2026-04-27 14:16:51,983 - INFO - Successfully fetched movie/1159559/credits
2026-04-27 14:16:51,985 - INFO - Collected all data for movie ID 1159559
2026-04-27 14:16:52,168 - INFO - Successfully fetched movie/840464
2026-04-27 14:16:52,443 - INFO - Successfully fetched movie/840464/credits
2026-04-27 14:16:52,445 - INFO - Collected all data for movie ID 840464
2026-04-27 14:16:52,686 - INFO - Successfully fetched movie/1368166
2026-04-27 14:16:52,981 - INFO - Successfully fetched movie/1368166/credits
2026-04-27 14:16:52,982 - INFO - Collected all data for movie ID 1368166
2026-04-27 14:16:53,177 - INFO - Successfully fetched movie/1242898
2026-04-27 14:16:53,427 - INFO - Successfully fetched movie/1242898/credits
2026-04-27 14:16:53,428 - INFO - Collected all data for movie ID 1242898
2026-04-27 14:16:53,678 - INFO - Successfully fetched movie/1207162
2026-04-27 14:16:53,941 - INFO - Successfully fetched movie/1207162/credits
2026-04-27 14:16:53,943 - INFO - Collected all data for movie ID 1207162
2026-04-27 14:16:54,180 - INFO - Successfully fetched movie/502356
2026-04-27 14:16:54,483 - INFO - Successfully fetched movie/502356/credits
2026-04-27 14:16:54,486 - INFO - Collected all data for movie ID 502356
2026-04-27 14:16:54,688 - INFO - Successfully fetched movie/157336
2026-04-27 14:16:54,941 - INFO - Successfully fetched movie/157336/credits
2026-04-27 14:16:54,945 - INFO - Collected all data for movie ID 157336
2026-04-27 14:16:55,310 - INFO - Successfully fetched movie/440249
2026-04-27 14:16:55,533 - INFO - Successfully fetched movie/440249/credits
2026-04-27 14:16:55,534 - INFO - Collected all data for movie ID 440249
2026-04-27 14:16:55,707 - INFO - Successfully fetched movie/1480387
2026-04-27 14:16:55,949 - INFO - Successfully fetched movie/1480387/credits
2026-04-27 14:16:55,950 - INFO - Collected all data for movie ID 1480387
2026-04-27 14:16:56,203 - INFO - Successfully fetched movie/1107166
2026-04-27 14:16:56,459 - INFO - Successfully fetched movie/1107166/credits
2026-04-27 14:16:56,461 - INFO - Collected all data for movie ID 1107166
2026-04-27 14:16:56,701 - INFO - Successfully fetched movie/1234731
2026-04-27 14:16:56,954 - INFO - Successfully fetched movie/1234731/credits
2026-04-27 14:16:56,956 - INFO - Collected all data for movie ID 1234731
2026-04-27 14:16:57,307 - INFO - Successfully fetched movie/755898
2026-04-27 14:16:57,459 - INFO - Successfully fetched movie/755898/credits
2026-04-27 14:16:57,461 - INFO - Collected all data for movie ID 755898
2026-04-27 14:16:57,725 - INFO - Successfully fetched movie/1193501
2026-04-27 14:16:57,987 - INFO - Successfully fetched movie/1193501/credits
2026-04-27 14:16:57,989 - INFO - Collected all data for movie ID 1193501
2026-04-27 14:16:58,305 - INFO - Successfully fetched movie/1499885
2026-04-27 14:16:58,457 - INFO - Successfully fetched movie/1499885/credits
2026-04-27 14:16:58,458 - INFO - Collected all data for movie ID 1499885
2026-04-27 14:16:58,733 - INFO - Successfully fetched movie/popular
2026-04-27 14:16:58,970 - INFO - Successfully fetched movie/120
2026-04-27 14:16:59,237 - INFO - Successfully fetched movie/120/credits
2026-04-27 14:16:59,240 - INFO - Collected all data for movie ID 120
2026-04-27 14:16:59,488 - INFO - Successfully fetched movie/1265609
2026-04-27 14:16:59,726 - INFO - Successfully fetched movie/1265609/credits
2026-04-27 14:16:59,727 - INFO - Collected all data for movie ID 1265609
2026-04-27 14:16:59,980 - INFO - Successfully fetched movie/1270125
2026-04-27 14:17:00,230 - INFO - Successfully fetched movie/1270125/credits
2026-04-27 14:17:00,232 - INFO - Collected all data for movie ID 1270125
2026-04-27 14:17:00,638 - INFO - Successfully fetched movie/1115544
2026-04-27 14:17:00,859 - INFO - Successfully fetched movie/1115544/credits
2026-04-27 14:17:00,860 - INFO - Collected all data for movie ID 1115544
2026-04-27 14:17:01,079 - INFO - Successfully fetched movie/122
2026-04-27 14:17:01,276 - INFO - Successfully fetched movie/122/credits
2026-04-27 14:17:01,278 - INFO - Collected all data for movie ID 122
2026-04-27 14:17:01,634 - INFO - Successfully fetched movie/1433828
2026-04-27 14:17:01,779 - INFO - Successfully fetched movie/1433828/credits
2026-04-27 14:17:01,785 - INFO - Collected all data for movie ID 1433828
2026-04-27 14:17:02,029 - INFO - Successfully fetched movie/848116
2026-04-27 14:17:02,278 - INFO - Successfully fetched movie/848116/credits
2026-04-27 14:17:02,279 - INFO - Collected all data for movie ID 848116
2026-04-27 14:17:02,530 - INFO - Successfully fetched movie/634649
2026-04-27 14:17:02,856 - INFO - Successfully fetched movie/634649/credits
2026-04-27 14:17:02,859 - INFO - Collected all data for movie ID 634649
2026-04-27 14:17:03,079 - INFO - Successfully fetched movie/1659087
2026-04-27 14:17:03,285 - INFO - Successfully fetched movie/1659087/credits
2026-04-27 14:17:03,286 - INFO - Collected all data for movie ID 1659087
2026-04-27 14:17:03,630 - INFO - Successfully fetched movie/7451
2026-04-27 14:17:03,852 - INFO - Successfully fetched movie/7451/credits
2026-04-27 14:17:03,854 - INFO - Collected all data for movie ID 7451
2026-04-27 14:17:04,044 - INFO - Successfully fetched movie/73353
2026-04-27 14:17:04,295 - INFO - Successfully fetched movie/73353/credits
2026-04-27 14:17:04,297 - INFO - Collected all data for movie ID 73353
2026-04-27 14:17:04,562 - INFO - Successfully fetched movie/1367642
2026-04-27 14:17:04,851 - INFO - Successfully fetched movie/1367642/credits
2026-04-27 14:17:04,852 - INFO - Collected all data for movie ID 1367642
2026-04-27 14:17:05,178 - INFO - Successfully fetched movie/662707
2026-04-27 14:17:05,304 - INFO - Successfully fetched movie/662707/credits
2026-04-27 14:17:05,306 - INFO - Collected all data for movie ID 662707
2026-04-27 14:17:05,570 - INFO - Successfully fetched movie/24428
2026-04-27 14:17:05,851 - INFO - Successfully fetched movie/24428/credits
2026-04-27 14:17:05,856 - INFO - Collected all data for movie ID 24428
2026-04-27 14:17:06,057 - INFO - Successfully fetched movie/1418657
2026-04-27 14:17:06,317 - INFO - Successfully fetched movie/1418657/credits
2026-04-27 14:17:06,318 - INFO - Collected all data for movie ID 1418657
2026-04-27 14:17:06,580 - INFO - Successfully fetched movie/58008
2026-04-27 14:17:06,848 - INFO - Successfully fetched movie/58008/credits
2026-04-27 14:17:06,849 - INFO - Collected all data for movie ID 58008
2026-04-27 14:17:07,069 - INFO - Successfully fetched movie/780381
2026-04-27 14:17:07,329 - INFO - Successfully fetched movie/780381/credits
2026-04-27 14:17:07,330 - INFO - Collected all data for movie ID 780381
2026-04-27 14:17:07,577 - INFO - Successfully fetched movie/1303055
2026-04-27 14:17:07,814 - INFO - Successfully fetched movie/1303055/credits
2026-04-27 14:17:07,816 - INFO - Collected all data for movie ID 1303055
2026-04-27 14:17:08,085 - INFO - Successfully fetched movie/301337
2026-04-27 14:17:08,396 - INFO - Successfully fetched movie/301337/credits
2026-04-27 14:17:08,399 - INFO - Collected all data for movie ID 301337
2026-04-27 14:17:08,591 - INFO - Successfully fetched movie/680493
2026-04-27 14:17:08,846 - INFO - Successfully fetched movie/680493/credits
2026-04-27 14:17:08,847 - INFO - Collected all data for movie ID 680493
2026-04-27 14:17:09,177 - INFO - Successfully fetched movie/popular
2026-04-27 14:17:09,344 - INFO - Successfully fetched movie/1084187
2026-04-27 14:17:09,604 - INFO - Successfully fetched movie/1084187/credits
2026-04-27 14:17:09,608 - INFO - Collected all data for movie ID 1084187
2026-04-27 14:17:09,955 - INFO - Successfully fetched movie/38541
2026-04-27 14:17:10,094 - INFO - Successfully fetched movie/38541/credits
2026-04-27 14:17:10,096 - INFO - Collected all data for movie ID 38541
2026-04-27 14:17:10,398 - INFO - Successfully fetched movie/1511057
2026-04-27 14:17:10,596 - INFO - Successfully fetched movie/1511057/credits
2026-04-27 14:17:10,598 - INFO - Collected all data for movie ID 1511057
2026-04-27 14:17:10,847 - INFO - Successfully fetched movie/1234821
2026-04-27 14:17:11,174 - INFO - Successfully fetched movie/1234821/credits
2026-04-27 14:17:11,176 - INFO - Collected all data for movie ID 1234821
2026-04-27 14:17:11,346 - INFO - Successfully fetched movie/299536
2026-04-27 14:17:11,611 - INFO - Successfully fetched movie/299536/credits
2026-04-27 14:17:11,615 - INFO - Collected all data for movie ID 299536
2026-04-27 14:17:11,854 - INFO - Successfully fetched movie/1272837
2026-04-27 14:17:12,110 - INFO - Successfully fetched movie/1272837/credits
2026-04-27 14:17:12,112 - INFO - Collected all data for movie ID 1272837
2026-04-27 14:17:12,360 - INFO - Successfully fetched movie/1316092
2026-04-27 14:17:12,675 - INFO - Successfully fetched movie/1316092/credits
2026-04-27 14:17:12,677 - INFO - Collected all data for movie ID 1316092
2026-04-27 14:17:12,858 - INFO - Successfully fetched movie/1314481
2026-04-27 14:17:13,119 - INFO - Successfully fetched movie/1314481/credits
2026-04-27 14:17:13,120 - INFO - Collected all data for movie ID 1314481
2026-04-27 14:17:13,367 - INFO - Successfully fetched movie/342521
2026-04-27 14:17:13,729 - INFO - Successfully fetched movie/342521/credits
2026-04-27 14:17:13,731 - INFO - Collected all data for movie ID 342521
2026-04-27 14:17:13,947 - INFO - Successfully fetched movie/441168
2026-04-27 14:17:14,113 - INFO - Successfully fetched movie/441168/credits
2026-04-27 14:17:14,114 - INFO - Collected all data for movie ID 441168
2026-04-27 14:17:14,376 - INFO - Successfully fetched movie/1110034
2026-04-27 14:17:14,625 - INFO - Successfully fetched movie/1110034/credits
2026-04-27 14:17:14,626 - INFO - Collected all data for movie ID 1110034
2026-04-27 14:17:14,884 - INFO - Successfully fetched movie/81774
2026-04-27 14:17:15,123 - INFO - Successfully fetched movie/81774/credits
2026-04-27 14:17:15,125 - INFO - Collected all data for movie ID 81774
2026-04-27 14:17:15,387 - INFO - Successfully fetched movie/1268127
2026-04-27 14:17:15,647 - INFO - Successfully fetched movie/1268127/credits
2026-04-27 14:17:15,649 - INFO - Collected all data for movie ID 1268127
2026-04-27 14:17:15,885 - INFO - Successfully fetched movie/1306368
2026-04-27 14:17:16,167 - INFO - Successfully fetched movie/1306368/credits
2026-04-27 14:17:16,169 - INFO - Collected all data for movie ID 1306368
2026-04-27 14:17:16,395 - INFO - Successfully fetched movie/1038392
2026-04-27 14:17:16,653 - INFO - Successfully fetched movie/1038392/credits
2026-04-27 14:17:16,655 - INFO - Collected all data for movie ID 1038392
2026-04-27 14:17:16,902 - INFO - Successfully fetched movie/245855
2026-04-27 14:17:17,143 - INFO - Successfully fetched movie/245855/credits
2026-04-27 14:17:17,145 - INFO - Collected all data for movie ID 245855
2026-04-27 14:17:17,393 - INFO - Successfully fetched movie/278
2026-04-27 14:17:17,656 - INFO - Successfully fetched movie/278/credits
2026-04-27 14:17:17,658 - INFO - Collected all data for movie ID 278
2026-04-27 14:17:17,897 - INFO - Successfully fetched movie/1168190
2026-04-27 14:17:18,153 - INFO - Successfully fetched movie/1168190/credits
2026-04-27 14:17:18,154 - INFO - Collected all data for movie ID 1168190
2026-04-27 14:17:18,400 - INFO - Successfully fetched movie/1064028
2026-04-27 14:17:18,663 - INFO - Successfully fetched movie/1064028/credits
2026-04-27 14:17:18,665 - INFO - Collected all data for movie ID 1064028
2026-04-27 14:17:18,915 - INFO - Successfully fetched movie/967998
2026-04-27 14:17:19,164 - INFO - Successfully fetched movie/967998/credits
2026-04-27 14:17:19,165 - INFO - Collected all data for movie ID 967998
2026-04-27 14:17:19,497 - INFO - Successfully fetched movie/popular
2026-04-27 14:17:19,660 - INFO - Successfully fetched movie/1159831
2026-04-27 14:17:19,923 - INFO - Successfully fetched movie/1159831/credits
2026-04-27 14:17:19,925 - INFO - Collected all data for movie ID 1159831
2026-04-27 14:17:20,168 - INFO - Successfully fetched movie/425274
2026-04-27 14:17:20,497 - INFO - Successfully fetched movie/425274/credits
2026-04-27 14:17:20,499 - INFO - Collected all data for movie ID 425274
2026-04-27 14:17:20,666 - INFO - Successfully fetched movie/28322
2026-04-27 14:17:20,927 - INFO - Successfully fetched movie/28322/credits
2026-04-27 14:17:20,928 - INFO - Collected all data for movie ID 28322
2026-04-27 14:17:21,179 - INFO - Successfully fetched movie/1371534
2026-04-27 14:17:21,426 - INFO - Successfully fetched movie/1371534/credits
2026-04-27 14:17:21,429 - INFO - Collected all data for movie ID 1371534
2026-04-27 14:17:21,695 - INFO - Successfully fetched movie/1010581
2026-04-27 14:17:21,917 - INFO - Successfully fetched movie/1010581/credits
2026-04-27 14:17:21,919 - INFO - Collected all data for movie ID 1010581
2026-04-27 14:17:22,268 - INFO - Successfully fetched movie/803796
2026-04-27 14:17:22,494 - INFO - Successfully fetched movie/803796/credits
2026-04-27 14:17:22,498 - INFO - Collected all data for movie ID 803796
2026-04-27 14:17:22,822 - INFO - Successfully fetched movie/1266992
2026-04-27 14:17:20,474 - INFO - Successfully fetched movie/1266992/credits
2026-04-27 14:17:20,475 - INFO - Collected all data for movie ID 1266992
2026-04-27 14:17:23,318 - INFO - Successfully fetched movie/1526650
2026-04-27 14:17:23,477 - INFO - Successfully fetched movie/1526650/credits
2026-04-27 14:17:23,479 - INFO - Collected all data for movie ID 1526650
2026-04-27 14:17:23,744 - INFO - Successfully fetched movie/1646787
2026-04-27 14:17:24,010 - INFO - Successfully fetched movie/1646787/credits
2026-04-27 14:17:24,011 - INFO - Collected all data for movie ID 1646787
2026-04-27 14:17:24,240 - INFO - Successfully fetched movie/533535
2026-04-27 14:17:24,561 - INFO - Successfully fetched movie/533535/credits
2026-04-27 14:17:24,566 - INFO - Collected all data for movie ID 533535
2026-04-27 14:17:24,732 - INFO - Successfully fetched movie/1658216
2026-04-27 14:17:24,998 - INFO - Successfully fetched movie/1658216/credits
2026-04-27 14:17:24,999 - INFO - Collected all data for movie ID 1658216
2026-04-27 14:17:25,243 - INFO - Successfully fetched movie/1266127
2026-04-27 14:17:25,486 - INFO - Successfully fetched movie/1266127/credits
2026-04-27 14:17:25,487 - INFO - Collected all data for movie ID 1266127
2026-04-27 14:17:25,749 - INFO - Successfully fetched movie/238
2026-04-27 14:17:25,999 - INFO - Successfully fetched movie/238/credits
2026-04-27 14:17:26,000 - INFO - Collected all data for movie ID 238
2026-04-27 14:17:26,245 - INFO - Successfully fetched movie/1383731
2026-04-27 14:17:26,492 - INFO - Successfully fetched movie/1383731/credits
2026-04-27 14:17:26,493 - INFO - Collected all data for movie ID 1383731
2026-04-27 14:17:26,744 - INFO - Successfully fetched movie/257088
2026-04-27 14:17:26,992 - INFO - Successfully fetched movie/257088/credits
2026-04-27 14:17:26,993 - INFO - Collected all data for movie ID 257088
2026-04-27 14:17:27,254 - INFO - Successfully fetched movie/1539104
2026-04-27 14:17:27,552 - INFO - Successfully fetched movie/1539104/credits
2026-04-27 14:17:27,553 - INFO - Collected all data for movie ID 1539104
2026-04-27 14:17:27,749 - INFO - Successfully fetched movie/1088434
2026-04-27 14:17:28,008 - INFO - Successfully fetched movie/1088434/credits
2026-04-27 14:17:28,009 - INFO - Collected all data for movie ID 1088434
2026-04-27 14:17:28,265 - INFO - Successfully fetched movie/458293
2026-04-27 14:17:28,549 - INFO - Successfully fetched movie/458293/credits
2026-04-27 14:17:28,550 - INFO - Collected all data for movie ID 458293
2026-04-27 14:17:28,883 - INFO - Successfully fetched movie/744275
2026-04-27 14:17:29,104 - INFO - Successfully fetched movie/744275/credits
2026-04-27 14:17:29,106 - INFO - Collected all data for movie ID 744275
2026-04-27 14:17:29,263 - INFO - Successfully fetched movie/911430
2026-04-27 14:17:29,514 - INFO - Successfully fetched movie/911430/credits
2026-04-27 14:17:29,516 - INFO - Collected all data for movie ID 911430
2026-04-27 14:17:29,987 - INFO - Saved scraped data to data/raw/tmdb/tmdb_movie_data.json
2026-04-27 17:38:19,946 - INFO - Successfully fetched movie/popular
2026-04-27 17:38:19,990 - INFO - Successfully fetched movie/1226863
2026-04-27 17:38:20,348 - INFO - Successfully fetched movie/1226863/credits
2026-04-27 17:38:20,350 - INFO - Collected all data for movie ID 1226863
2026-04-27 17:38:20,498 - INFO - Successfully fetched movie/1318447
2026-04-27 17:38:20,868 - INFO - Successfully fetched movie/1318447/credits
2026-04-27 17:38:20,871 - INFO - Collected all data for movie ID 1318447
2026-04-27 17:38:21,106 - INFO - Successfully fetched movie/1523145
2026-04-27 17:38:21,262 - INFO - Successfully fetched movie/1523145/credits
2026-04-27 17:38:21,264 - INFO - Collected all data for movie ID 1523145
2026-04-27 17:38:21,618 - INFO - Successfully fetched movie/1198994
2026-04-27 17:38:21,763 - INFO - Successfully fetched movie/1198994/credits
2026-04-27 17:38:21,766 - INFO - Collected all data for movie ID 1198994
2026-04-27 17:38:22,021 - INFO - Successfully fetched movie/980431
2026-04-27 17:38:22,271 - INFO - Successfully fetched movie/980431/credits
2026-04-27 17:38:22,273 - INFO - Collected all data for movie ID 980431
2026-04-27 17:38:22,735 - INFO - Successfully fetched movie/936075
2026-04-27 17:38:22,768 - INFO - Successfully fetched movie/936075/credits
2026-04-27 17:38:22,770 - INFO - Collected all data for movie ID 936075
2026-04-27 17:38:23,027 - INFO - Successfully fetched movie/83533
2026-04-27 17:38:23,292 - INFO - Successfully fetched movie/83533/credits
2026-04-27 17:38:23,295 - INFO - Collected all data for movie ID 83533
2026-04-27 17:38:23,529 - INFO - Successfully fetched movie/1613798
2026-04-27 17:38:23,774 - INFO - Successfully fetched movie/1613798/credits
2026-04-27 17:38:23,775 - INFO - Collected all data for movie ID 1613798
2026-04-27 17:38:24,045 - INFO - Successfully fetched movie/687163
2026-04-27 17:38:24,293 - INFO - Successfully fetched movie/687163/credits
2026-04-27 17:38:24,297 - INFO - Collected all data for movie ID 687163
2026-04-27 17:38:24,659 - INFO - Successfully fetched movie/1352874
2026-04-27 17:38:24,802 - INFO - Successfully fetched movie/1352874/credits
2026-04-27 17:38:24,804 - INFO - Collected all data for movie ID 1352874
2026-04-27 17:38:25,048 - INFO - Successfully fetched movie/1327819
2026-04-27 17:38:25,299 - INFO - Successfully fetched movie/1327819/credits
2026-04-27 17:38:25,300 - INFO - Collected all data for movie ID 1327819
2026-04-27 17:38:25,564 - INFO - Successfully fetched movie/1290821
2026-04-27 17:38:25,784 - INFO - Successfully fetched movie/1290821/credits
2026-04-27 17:38:25,785 - INFO - Collected all data for movie ID 1290821
2026-04-27 17:38:26,046 - INFO - Successfully fetched movie/1470130
2026-04-27 17:38:26,317 - INFO - Successfully fetched movie/1470130/credits
2026-04-27 17:38:26,317 - INFO - Collected all data for movie ID 1470130
2026-04-27 17:38:26,653 - INFO - Successfully fetched movie/1171145
2026-04-27 17:38:26,905 - INFO - Successfully fetched movie/1171145/credits
2026-04-27 17:38:26,907 - INFO - Collected all data for movie ID 1171145
2026-04-27 17:38:27,150 - INFO - Successfully fetched movie/1297842
2026-04-27 17:38:27,287 - INFO - Successfully fetched movie/1297842/credits
2026-04-27 17:38:27,288 - INFO - Collected all data for movie ID 1297842
2026-04-27 17:38:27,665 - INFO - Successfully fetched movie/1311031
2026-04-27 17:38:27,897 - INFO - Successfully fetched movie/1311031/credits
2026-04-27 17:38:27,903 - INFO - Collected all data for movie ID 1311031
2026-04-27 17:38:28,140 - INFO - Successfully fetched movie/1641319
2026-04-27 17:38:28,403 - INFO - Successfully fetched movie/1641319/credits
2026-04-27 17:38:28,409 - INFO - Collected all data for movie ID 1641319
2026-04-27 17:38:28,639 - INFO - Successfully fetched movie/1601797
2026-04-27 17:38:28,888 - INFO - Successfully fetched movie/1601797/credits
2026-04-27 17:38:28,889 - INFO - Collected all data for movie ID 1601797
2026-04-27 17:38:29,045 - INFO - Successfully fetched movie/1084242
2026-04-27 17:38:29,298 - INFO - Successfully fetched movie/1084242/credits
2026-04-27 17:38:29,300 - INFO - Collected all data for movie ID 1084242
2026-04-27 17:38:29,552 - INFO - Successfully fetched movie/1290417
2026-04-27 17:38:29,805 - INFO - Successfully fetched movie/1290417/credits
2026-04-27 17:38:29,807 - INFO - Collected all data for movie ID 1290417
2026-04-27 17:38:30,153 - INFO - Successfully fetched movie/popular
2026-04-27 17:38:30,400 - INFO - Successfully fetched movie/350
2026-04-27 17:38:30,662 - INFO - Successfully fetched movie/350/credits
2026-04-27 17:38:30,663 - INFO - Collected all data for movie ID 350
2026-04-27 17:38:30,806 - INFO - Successfully fetched movie/1304313
2026-04-27 17:38:31,161 - INFO - Successfully fetched movie/1304313/credits
2026-04-27 17:38:31,162 - INFO - Collected all data for movie ID 1304313
2026-04-27 17:38:31,414 - INFO - Successfully fetched movie/10867
2026-04-27 17:38:31,665 - INFO - Successfully fetched movie/10867/credits
2026-04-27 17:38:31,666 - INFO - Collected all data for movie ID 10867
2026-04-27 17:38:31,853 - INFO - Successfully fetched movie/1084577
2026-04-27 17:38:32,163 - INFO - Successfully fetched movie/1084577/credits
2026-04-27 17:38:32,164 - INFO - Collected all data for movie ID 1084577
2026-04-27 17:38:32,314 - INFO - Successfully fetched movie/1010755
2026-04-27 17:38:32,668 - INFO - Successfully fetched movie/1010755/credits
2026-04-27 17:38:32,669 - INFO - Collected all data for movie ID 1010755
2026-04-27 17:38:32,860 - INFO - Successfully fetched movie/1419406
2026-04-27 17:38:33,088 - INFO - Successfully fetched movie/1419406/credits
2026-04-27 17:38:33,089 - INFO - Collected all data for movie ID 1419406
2026-04-27 17:38:33,432 - INFO - Successfully fetched movie/1159559
2026-04-27 17:38:33,710 - INFO - Successfully fetched movie/1159559/credits
2026-04-27 17:38:33,711 - INFO - Collected all data for movie ID 1159559
2026-04-27 17:38:33,843 - INFO - Successfully fetched movie/840464
2026-04-27 17:38:34,196 - INFO - Successfully fetched movie/840464/credits
2026-04-27 17:38:34,197 - INFO - Collected all data for movie ID 840464
2026-04-27 17:38:34,338 - INFO - Successfully fetched movie/1368166
2026-04-27 17:38:34,690 - INFO - Successfully fetched movie/1368166/credits
2026-04-27 17:38:34,691 - INFO - Collected all data for movie ID 1368166
2026-04-27 17:38:34,949 - INFO - Successfully fetched movie/1242898
2026-04-27 17:38:35,106 - INFO - Successfully fetched movie/1242898/credits
2026-04-27 17:38:35,108 - INFO - Collected all data for movie ID 1242898
2026-04-27 17:38:35,479 - INFO - Successfully fetched movie/1207162
2026-04-27 17:38:35,629 - INFO - Successfully fetched movie/1207162/credits
2026-04-27 17:38:35,631 - INFO - Collected all data for movie ID 1207162
2026-04-27 17:38:35,883 - INFO - Successfully fetched movie/502356
2026-04-27 17:38:36,267 - INFO - Successfully fetched movie/502356/credits
2026-04-27 17:38:36,270 - INFO - Collected all data for movie ID 502356
2026-04-27 17:38:36,420 - INFO - Successfully fetched movie/157336
2026-04-27 17:38:36,790 - INFO - Successfully fetched movie/157336/credits
2026-04-27 17:38:36,796 - INFO - Collected all data for movie ID 157336
2026-04-27 17:38:36,973 - INFO - Successfully fetched movie/440249
2026-04-27 17:38:37,299 - INFO - Successfully fetched movie/440249/credits
2026-04-27 17:38:37,300 - INFO - Collected all data for movie ID 440249
2026-04-27 17:38:37,557 - INFO - Successfully fetched movie/1480387
2026-04-27 17:38:37,807 - INFO - Successfully fetched movie/1480387/credits
2026-04-27 17:38:37,809 - INFO - Collected all data for movie ID 1480387
2026-04-27 17:38:37,974 - INFO - Successfully fetched movie/1107166
2026-04-27 17:38:38,237 - INFO - Successfully fetched movie/1107166/credits
2026-04-27 17:38:38,239 - INFO - Collected all data for movie ID 1107166
2026-04-27 17:38:38,581 - INFO - Successfully fetched movie/1234731
2026-04-27 17:38:38,851 - INFO - Successfully fetched movie/1234731/credits
2026-04-27 17:38:38,853 - INFO - Collected all data for movie ID 1234731
2026-04-27 17:38:38,985 - INFO - Successfully fetched movie/755898
2026-04-27 17:38:36,874 - INFO - Successfully fetched movie/755898/credits
2026-04-27 17:38:36,876 - INFO - Collected all data for movie ID 755898
2026-04-27 17:38:39,648 - INFO - Successfully fetched movie/1193501
2026-04-27 17:38:39,908 - INFO - Successfully fetched movie/1193501/credits
2026-04-27 17:38:39,911 - INFO - Collected all data for movie ID 1193501
2026-04-27 17:38:40,053 - INFO - Successfully fetched movie/1499885
2026-04-27 17:38:40,427 - INFO - Successfully fetched movie/1499885/credits
2026-04-27 17:38:40,430 - INFO - Collected all data for movie ID 1499885
2026-04-27 17:38:40,688 - INFO - Successfully fetched movie/popular
2026-04-27 17:38:40,911 - INFO - Successfully fetched movie/120
2026-04-27 17:38:41,113 - INFO - Successfully fetched movie/120/credits
2026-04-27 17:38:41,117 - INFO - Collected all data for movie ID 120
2026-04-27 17:38:41,371 - INFO - Successfully fetched movie/1265609
2026-04-27 17:38:41,637 - INFO - Successfully fetched movie/1265609/credits
2026-04-27 17:38:41,642 - INFO - Collected all data for movie ID 1265609
2026-04-27 17:38:41,956 - INFO - Successfully fetched movie/1270125
2026-04-27 17:38:42,144 - INFO - Successfully fetched movie/1270125/credits
2026-04-27 17:38:42,147 - INFO - Collected all data for movie ID 1270125
2026-04-27 17:38:42,492 - INFO - Successfully fetched movie/1115544
2026-04-27 17:38:42,736 - INFO - Successfully fetched movie/1115544/credits
2026-04-27 17:38:42,742 - INFO - Collected all data for movie ID 1115544
2026-04-27 17:38:42,925 - INFO - Successfully fetched movie/122
2026-04-27 17:38:43,185 - INFO - Successfully fetched movie/122/credits
2026-04-27 17:38:43,189 - INFO - Collected all data for movie ID 122
2026-04-27 17:38:43,547 - INFO - Successfully fetched movie/1433828
2026-04-27 17:38:43,790 - INFO - Successfully fetched movie/1433828/credits
2026-04-27 17:38:43,791 - INFO - Collected all data for movie ID 1433828
2026-04-27 17:38:43,936 - INFO - Successfully fetched movie/848116
2026-04-27 17:38:44,204 - INFO - Successfully fetched movie/848116/credits
2026-04-27 17:38:44,205 - INFO - Collected all data for movie ID 848116
2026-04-27 17:38:44,566 - INFO - Successfully fetched movie/634649
2026-04-27 17:38:44,711 - INFO - Successfully fetched movie/634649/credits
2026-04-27 17:38:44,713 - INFO - Collected all data for movie ID 634649
2026-04-27 17:38:45,074 - INFO - Successfully fetched movie/1659087
2026-04-27 17:38:45,248 - INFO - Successfully fetched movie/1659087/credits
2026-04-27 17:38:45,251 - INFO - Collected all data for movie ID 1659087
2026-04-27 17:38:45,501 - INFO - Successfully fetched movie/7451
2026-04-27 17:38:45,885 - INFO - Successfully fetched movie/7451/credits
2026-04-27 17:38:45,888 - INFO - Collected all data for movie ID 7451
2026-04-27 17:38:46,140 - INFO - Successfully fetched movie/73353
2026-04-27 17:38:46,393 - INFO - Successfully fetched movie/73353/credits
2026-04-27 17:38:46,394 - INFO - Collected all data for movie ID 73353
2026-04-27 17:38:46,540 - INFO - Successfully fetched movie/1367642
2026-04-27 17:38:46,815 - INFO - Successfully fetched movie/1367642/credits
2026-04-27 17:38:46,816 - INFO - Collected all data for movie ID 1367642
2026-04-27 17:38:47,190 - INFO - Successfully fetched movie/662707
2026-04-27 17:38:47,363 - INFO - Successfully fetched movie/662707/credits
2026-04-27 17:38:47,366 - INFO - Collected all data for movie ID 662707
2026-04-27 17:38:47,627 - INFO - Successfully fetched movie/24428
2026-04-27 17:38:47,974 - INFO - Successfully fetched movie/24428/credits
2026-04-27 17:38:47,996 - INFO - Collected all data for movie ID 24428
2026-04-27 17:38:48,187 - INFO - Successfully fetched movie/1418657
2026-04-27 17:38:48,450 - INFO - Successfully fetched movie/1418657/credits
2026-04-27 17:38:48,451 - INFO - Collected all data for movie ID 1418657
2026-04-27 17:38:48,653 - INFO - Successfully fetched movie/58008
2026-04-27 17:38:48,899 - INFO - Successfully fetched movie/58008/credits
2026-04-27 17:38:48,901 - INFO - Collected all data for movie ID 58008
2026-04-27 17:38:49,166 - INFO - Successfully fetched movie/780381
2026-04-27 17:38:49,750 - INFO - Successfully fetched movie/780381/credits
2026-04-27 17:38:49,751 - INFO - Collected all data for movie ID 780381
2026-04-27 17:38:49,807 - INFO - Successfully fetched movie/1303055
2026-04-27 17:38:50,082 - INFO - Successfully fetched movie/1303055/credits
2026-04-27 17:38:50,084 - INFO - Collected all data for movie ID 1303055
2026-04-27 17:38:50,336 - INFO - Successfully fetched movie/301337
2026-04-27 17:38:50,609 - INFO - Successfully fetched movie/301337/credits
2026-04-27 17:38:50,612 - INFO - Collected all data for movie ID 301337
2026-04-27 17:38:50,932 - INFO - Successfully fetched movie/680493
2026-04-27 17:38:51,090 - INFO - Successfully fetched movie/680493/credits
2026-04-27 17:38:51,091 - INFO - Collected all data for movie ID 680493
2026-04-27 17:38:51,367 - INFO - Successfully fetched movie/popular
2026-04-27 17:38:51,703 - INFO - Successfully fetched movie/1084187
2026-04-27 17:38:51,897 - INFO - Successfully fetched movie/1084187/credits
2026-04-27 17:38:51,899 - INFO - Collected all data for movie ID 1084187
2026-04-27 17:38:52,151 - INFO - Successfully fetched movie/38541
2026-04-27 17:38:52,493 - INFO - Successfully fetched movie/38541/credits
2026-04-27 17:38:52,494 - INFO - Collected all data for movie ID 38541
2026-04-27 17:38:52,643 - INFO - Successfully fetched movie/1511057
2026-04-27 17:38:52,933 - INFO - Successfully fetched movie/1511057/credits
2026-04-27 17:38:52,935 - INFO - Collected all data for movie ID 1511057
2026-04-27 17:38:53,218 - INFO - Successfully fetched movie/1234821
2026-04-27 17:38:53,541 - INFO - Successfully fetched movie/1234821/credits
2026-04-27 17:38:53,543 - INFO - Collected all data for movie ID 1234821
2026-04-27 17:38:53,787 - INFO - Successfully fetched movie/299536
2026-04-27 17:38:53,989 - INFO - Successfully fetched movie/299536/credits
2026-04-27 17:38:53,992 - INFO - Collected all data for movie ID 299536
2026-04-27 17:38:54,239 - INFO - Successfully fetched movie/1272837
2026-04-27 17:38:54,507 - INFO - Successfully fetched movie/1272837/credits
2026-04-27 17:38:54,509 - INFO - Collected all data for movie ID 1272837
2026-04-27 17:38:54,806 - INFO - Successfully fetched movie/1316092
2026-04-27 17:38:55,025 - INFO - Successfully fetched movie/1316092/credits
2026-04-27 17:38:55,027 - INFO - Collected all data for movie ID 1316092
2026-04-27 17:38:55,296 - INFO - Successfully fetched movie/1314481
2026-04-27 17:38:55,578 - INFO - Successfully fetched movie/1314481/credits
2026-04-27 17:38:55,580 - INFO - Collected all data for movie ID 1314481
2026-04-27 17:38:55,827 - INFO - Successfully fetched movie/342521
2026-04-27 17:38:56,073 - INFO - Successfully fetched movie/342521/credits
2026-04-27 17:38:56,088 - INFO - Collected all data for movie ID 342521
2026-04-27 17:38:56,430 - INFO - Successfully fetched movie/441168
2026-04-27 17:38:56,619 - INFO - Successfully fetched movie/441168/credits
2026-04-27 17:38:56,622 - INFO - Collected all data for movie ID 441168
2026-04-27 17:38:56,874 - INFO - Successfully fetched movie/1110034
2026-04-27 17:38:57,267 - INFO - Successfully fetched movie/1110034/credits
2026-04-27 17:38:57,268 - INFO - Collected all data for movie ID 1110034
2026-04-27 17:38:57,526 - INFO - Successfully fetched movie/81774
2026-04-27 17:38:57,641 - INFO - Successfully fetched movie/81774/credits
2026-04-27 17:38:57,642 - INFO - Collected all data for movie ID 81774
2026-04-27 17:38:57,982 - INFO - Successfully fetched movie/1268127
2026-04-27 17:38:58,166 - INFO - Successfully fetched movie/1268127/credits
2026-04-27 17:38:58,168 - INFO - Collected all data for movie ID 1268127
2026-04-27 17:38:58,425 - INFO - Successfully fetched movie/1306368
2026-04-27 17:38:58,690 - INFO - Successfully fetched movie/1306368/credits
2026-04-27 17:38:58,692 - INFO - Collected all data for movie ID 1306368
2026-04-27 17:38:58,938 - INFO - Successfully fetched movie/1038392
2026-04-27 17:38:59,209 - INFO - Successfully fetched movie/1038392/credits
2026-04-27 17:38:59,211 - INFO - Collected all data for movie ID 1038392
2026-04-27 17:38:59,561 - INFO - Successfully fetched movie/245855
2026-04-27 17:38:59,727 - INFO - Successfully fetched movie/245855/credits
2026-04-27 17:38:59,729 - INFO - Collected all data for movie ID 245855
2026-04-27 17:38:59,978 - INFO - Successfully fetched movie/278
2026-04-27 17:39:00,248 - INFO - Successfully fetched movie/278/credits
2026-04-27 17:39:00,251 - INFO - Collected all data for movie ID 278
2026-04-27 17:39:00,571 - INFO - Successfully fetched movie/1168190
2026-04-27 17:39:00,826 - INFO - Successfully fetched movie/1168190/credits
2026-04-27 17:39:00,828 - INFO - Collected all data for movie ID 1168190
2026-04-27 17:39:01,055 - INFO - Successfully fetched movie/1064028
2026-04-27 17:39:01,343 - INFO - Successfully fetched movie/1064028/credits
2026-04-27 17:39:01,344 - INFO - Collected all data for movie ID 1064028
2026-04-27 17:39:01,629 - INFO - Successfully fetched movie/967998
2026-04-27 17:39:01,832 - INFO - Successfully fetched movie/967998/credits
2026-04-27 17:39:01,834 - INFO - Collected all data for movie ID 967998
2026-04-27 17:39:02,087 - INFO - Successfully fetched movie/popular
2026-04-27 17:39:02,305 - INFO - Successfully fetched movie/1159831
2026-04-27 17:39:02,550 - INFO - Successfully fetched movie/1159831/credits
2026-04-27 17:39:02,551 - INFO - Collected all data for movie ID 1159831
2026-04-27 17:39:02,840 - INFO - Successfully fetched movie/425274
2026-04-27 17:39:03,174 - INFO - Successfully fetched movie/425274/credits
2026-04-27 17:39:03,176 - INFO - Collected all data for movie ID 425274
2026-04-27 17:39:03,350 - INFO - Successfully fetched movie/28322
2026-04-27 17:39:03,668 - INFO - Successfully fetched movie/28322/credits
2026-04-27 17:39:03,669 - INFO - Collected all data for movie ID 28322
2026-04-27 17:39:03,908 - INFO - Successfully fetched movie/1371534
2026-04-27 17:39:04,140 - INFO - Successfully fetched movie/1371534/credits
2026-04-27 17:39:04,141 - INFO - Collected all data for movie ID 1371534
2026-04-27 17:39:04,407 - INFO - Successfully fetched movie/1010581
2026-04-27 17:39:04,637 - INFO - Successfully fetched movie/1010581/credits
2026-04-27 17:39:04,639 - INFO - Collected all data for movie ID 1010581
2026-04-27 17:39:04,959 - INFO - Successfully fetched movie/803796
2026-04-27 17:39:05,232 - INFO - Successfully fetched movie/803796/credits
2026-04-27 17:39:05,234 - INFO - Collected all data for movie ID 803796
2026-04-27 17:39:05,415 - INFO - Successfully fetched movie/1266992
2026-04-27 17:39:05,699 - INFO - Successfully fetched movie/1266992/credits
2026-04-27 17:39:05,700 - INFO - Collected all data for movie ID 1266992
2026-04-27 17:39:05,929 - INFO - Successfully fetched movie/1526650
2026-04-27 17:39:06,256 - INFO - Successfully fetched movie/1526650/credits
2026-04-27 17:39:06,257 - INFO - Collected all data for movie ID 1526650
2026-04-27 17:39:06,443 - INFO - Successfully fetched movie/1646787
2026-04-27 17:39:06,789 - INFO - Successfully fetched movie/1646787/credits
2026-04-27 17:39:06,789 - INFO - Collected all data for movie ID 1646787
2026-04-27 17:39:06,992 - INFO - Successfully fetched movie/533535
2026-04-27 17:39:07,334 - INFO - Successfully fetched movie/533535/credits
2026-04-27 17:39:07,336 - INFO - Collected all data for movie ID 533535
2026-04-27 17:39:07,589 - INFO - Successfully fetched movie/1658216
2026-04-27 17:39:07,771 - INFO - Successfully fetched movie/1658216/credits
2026-04-27 17:39:07,771 - INFO - Collected all data for movie ID 1658216
2026-04-27 17:39:08,075 - INFO - Successfully fetched movie/1266127
2026-04-27 17:39:08,284 - INFO - Successfully fetched movie/1266127/credits
2026-04-27 17:39:08,286 - INFO - Collected all data for movie ID 1266127
2026-04-27 17:39:08,533 - INFO - Successfully fetched movie/238
2026-04-27 17:39:08,865 - INFO - Successfully fetched movie/238/credits
2026-04-27 17:39:08,867 - INFO - Collected all data for movie ID 238
2026-04-27 17:39:09,031 - INFO - Successfully fetched movie/1383731
2026-04-27 17:39:06,923 - INFO - Successfully fetched movie/1383731/credits
2026-04-27 17:39:06,928 - INFO - Collected all data for movie ID 1383731
2026-04-27 17:39:07,062 - INFO - Successfully fetched movie/257088
2026-04-27 17:39:07,392 - INFO - Successfully fetched movie/257088/credits
2026-04-27 17:39:07,393 - INFO - Collected all data for movie ID 257088
2026-04-27 17:39:07,589 - INFO - Successfully fetched movie/1539104
2026-04-27 17:39:07,914 - INFO - Successfully fetched movie/1539104/credits
2026-04-27 17:39:07,916 - INFO - Collected all data for movie ID 1539104
2026-04-27 17:39:08,173 - INFO - Successfully fetched movie/1088434
2026-04-27 17:39:08,350 - INFO - Successfully fetched movie/1088434/credits
2026-04-27 17:39:08,350 - INFO - Collected all data for movie ID 1088434
2026-04-27 17:39:08,613 - INFO - Successfully fetched movie/458293
2026-04-27 17:39:08,884 - INFO - Successfully fetched movie/458293/credits
2026-04-27 17:39:08,885 - INFO - Collected all data for movie ID 458293
2026-04-27 17:39:09,110 - INFO - Successfully fetched movie/744275
2026-04-27 17:39:09,454 - INFO - Successfully fetched movie/744275/credits
2026-04-27 17:39:09,454 - INFO - Collected all data for movie ID 744275
2026-04-27 17:39:09,703 - INFO - Successfully fetched movie/911430
2026-04-27 17:39:09,956 - INFO - Successfully fetched movie/911430/credits
2026-04-27 17:39:09,958 - INFO - Collected all data for movie ID 911430
2026-04-27 17:39:10,354 - INFO - Saved scraped data to data/raw/tmdb/tmdb_movie_data.json
